[35m[Appium][39m Welcome to Appium v1.22.3
[35m[Appium][39m Non-default server args:
[35m[Appium][39m   port: 60284
[35m[Appium][39m   loglevel: info
[35m[Appium][39m   tmpDir: C:\Users\youha\AppData\Local\Temp\\Katalon\Appium\Temp1710317493673
[35m[Appium][39m Appium REST http interface listener started on 0.0.0.0:60284
[35m[HTTP][39m [37m-->[39m [37mGET[39m [37m/wd/hub/status[39m
[35m[HTTP][39m [90m{}[39m
[35m[HTTP][39m [37m<-- GET /wd/hub/status [39m[32m200[39m [90m4 ms - 68[39m
[35m[HTTP][39m [90m[39m
[35m[HTTP][39m [37m-->[39m [37mGET[39m [37m/wd/hub/status[39m
[35m[HTTP][39m [90m{}[39m
[35m[HTTP][39m [37m<-- GET /wd/hub/status [39m[32m200[39m [90m1 ms - 68[39m
[35m[HTTP][39m [90m[39m
[35m[HTTP][39m [37m-->[39m [37mPOST[39m [37m/wd/hub/session[39m
[35m[HTTP][39m [90m{"desiredCapabilities":{"appActivity":".Settings","appPackage":"com.android.settings","newCommandTimeout":1800,"platformVersion":"9","automationName":"uiautomator2","autoGrantPermissions":true,"platformName":"Android","udid":"emulator-5554","deviceName":"emulator-5554 (SM-A908N - Android 9)","systemPort":8241},"capabilities":{"firstMatch":[{"appium:appActivity":".Settings","appium:appPackage":"com.android.settings","appium:autoGrantPermissions":true,"appium:automationName":"uiautomator2","appium:deviceName":"emulator-5554 (SM-A908N - Android 9)","appium:newCommandTimeout":1800,"platformName":"android","appium:platformVersion":"9","appium:systemPort":8241,"appium:udid":"emulator-5554"}]}}[39m
[35m[Appium][39m Appium v1.22.3 creating new AndroidUiautomator2Driver (v1.70.1) session
[35m[BaseDriver][39m Session created with session id: 9913df07-817b-487e-b138-90614163c54b
[35m[UiAutomator2][39m Starting 'com.android.settings' directly on the device
[35m[ADB][39m Found 7 'build-tools' folders under 'C:\Users\youha\AppData\Local\Android\Sdk' (newest first):
[35m[ADB][39m     C:/Users/youha/AppData/Local/Android/Sdk/build-tools/33.0.2
[35m[ADB][39m     C:/Users/youha/AppData/Local/Android/Sdk/build-tools/33.0.1
[35m[ADB][39m     C:/Users/youha/AppData/Local/Android/Sdk/build-tools/32.1.0-rc1
[35m[ADB][39m     C:/Users/youha/AppData/Local/Android/Sdk/build-tools/32.0.0
[35m[ADB][39m     C:/Users/youha/AppData/Local/Android/Sdk/build-tools/30.0.3
[35m[ADB][39m     C:/Users/youha/AppData/Local/Android/Sdk/build-tools/30.0.2
[35m[ADB][39m     C:/Users/youha/AppData/Local/Android/Sdk/build-tools/29.0.2
[35m[ADB][39m Using 'adb.exe' from 'C:\Users\youha\AppData\Local\Android\Sdk\platform-tools\adb.exe'
[35m[AndroidDriver][39m Retrieving device list
[35m[AndroidDriver][39m Using device: emulator-5554
[35m[ADB][39m Using 'adb.exe' from 'C:\Users\youha\AppData\Local\Android\Sdk\platform-tools\adb.exe'
[35m[ADB][39m Getting device platform version
[35m[UiAutomator2][39m Relaxing hidden api policy
[35m[AndroidDriver][39m No app sent in, not parsing package/activity
[35m[ADB][39m Using 'apksigner.jar' from 'C:\Users\youha\AppData\Local\Android\Sdk\build-tools\33.0.2\lib\apksigner.jar'
[35m[ADB][39m 'C:\Users\youha\AppData\Roaming\npm\node_modules\appium\node_modules\appium-uiautomator2-server\apks\appium-uiautomator2-server-v4.27.0.apk' is signed with the default certificate
[35m[ADB][39m 'C:\Users\youha\AppData\Roaming\npm\node_modules\appium\node_modules\appium-uiautomator2-server\apks\appium-uiautomator2-server-debug-androidTest.apk' is signed with the default certificate
[35m[UiAutomator2][39m Server packages are not going to be (re)installed
[35m[ADB][39m Adding packages ["io.appium.settings","io.appium.uiautomator2.server","io.appium.uiautomator2.server.test"] to Doze whitelist
[35m[UiAutomator2][39m Starting UIAutomator2 server 4.27.0
[35m[UiAutomator2][39m Using UIAutomator2 server from 'C:\Users\youha\AppData\Roaming\npm\node_modules\appium\node_modules\appium-uiautomator2-server\apks\appium-uiautomator2-server-v4.27.0.apk' and test from 'C:\Users\youha\AppData\Roaming\npm\node_modules\appium\node_modules\appium-uiautomator2-server\apks\appium-uiautomator2-server-debug-androidTest.apk'
[35m[UiAutomator2][39m Waiting up to 30000ms for UiAutomator2 to be online...
[35m[WD Proxy][39m socket hang up
[35m[WD Proxy][39m socket hang up
[35m[WD Proxy][39m Determined the downstream protocol as 'W3C'
[35m[AndroidDriver][39m Screen already unlocked, doing nothing
[35m[UiAutomator2][39m Starting 'com.android.settings/.Settings and waiting for 'com.android.settings/.Settings'
[35m[Appium][39m New AndroidUiautomator2Driver session created successfully, session 9913df07-817b-487e-b138-90614163c54b added to master session list
[35m[HTTP][39m [37m<-- POST /wd/hub/session [39m[32m200[39m [90m6947 ms - 1092[39m
[35m[HTTP][39m [90m[39m
[35m[HTTP][39m [37m-->[39m [37mGET[39m [37m/wd/hub/session/9913df07-817b-487e-b138-90614163c54b[39m
[35m[HTTP][39m [90m{}[39m
[35m[HTTP][39m [37m<-- GET /wd/hub/session/9913df07-817b-487e-b138-90614163c54b [39m[32m200[39m [90m11 ms - 1046[39m
[35m[HTTP][39m [90m[39m
[35m[HTTP][39m [37m-->[39m [37mGET[39m [37m/wd/hub/session/9913df07-817b-487e-b138-90614163c54b[39m
[35m[HTTP][39m [90m{}[39m
[35m[HTTP][39m [37m<-- GET /wd/hub/session/9913df07-817b-487e-b138-90614163c54b [39m[32m200[39m [90m14 ms - 1046[39m
[35m[HTTP][39m [90m[39m
[35m[HTTP][39m [37m-->[39m [37mGET[39m [37m/wd/hub/status[39m
[35m[HTTP][39m [90m{}[39m
[35m[HTTP][39m [37m<-- GET /wd/hub/status [39m[32m200[39m [90m1 ms - 68[39m
[35m[HTTP][39m [90m[39m
[35m[HTTP][39m [37m-->[39m [37mPOST[39m [37m/wd/hub/session/9913df07-817b-487e-b138-90614163c54b/timeouts[39m
[35m[HTTP][39m [90m{"implicit":60000}[39m
[35m[HTTP][39m [37m<-- POST /wd/hub/session/9913df07-817b-487e-b138-90614163c54b/timeouts [39m[32m200[39m [90m2 ms - 14[39m
[35m[HTTP][39m [90m[39m
[35m[HTTP][39m [37m-->[39m [37mGET[39m [37m/wd/hub/session/9913df07-817b-487e-b138-90614163c54b/appium/device/system_bars[39m
[35m[HTTP][39m [90m{}[39m
[35m[HTTP][39m [37m<-- GET /wd/hub/session/9913df07-817b-487e-b138-90614163c54b/appium/device/system_bars [39m[31m500[39m [90m88 ms - 647[39m
[35m[HTTP][39m [90m[39m
[35m[HTTP][39m [37m-->[39m [37mPOST[39m [37m/wd/hub/session/9913df07-817b-487e-b138-90614163c54b/execute/sync[39m
[35m[HTTP][39m [90m{"script":"mobile:viewportRect","args":[]}[39m
[35m[AndroidDriver][39m Executing native command 'mobile:viewportRect'
[35m[HTTP][39m [37m<-- POST /wd/hub/session/9913df07-817b-487e-b138-90614163c54b/execute/sync [39m[32m200[39m [90m18 ms - 54[39m
[35m[HTTP][39m [90m[39m
[35m[HTTP][39m [37m-->[39m [37mPOST[39m [37m/wd/hub/session/9913df07-817b-487e-b138-90614163c54b/appium/device/activate_app[39m
[35m[HTTP][39m [90m{"bundleId":"com.saucelabs.mydemoapp.rn"}[39m
[35m[HTTP][39m [37m<-- POST /wd/hub/session/9913df07-817b-487e-b138-90614163c54b/appium/device/activate_app [39m[32m200[39m [90m452 ms - 14[39m
[35m[HTTP][39m [90m[39m
[35m[HTTP][39m [37m-->[39m [37mGET[39m [37m/wd/hub/session/9913df07-817b-487e-b138-90614163c54b/source[39m
[35m[HTTP][39m [90m{}[39m
[35m[W3C (9913df07)][39m Driver proxy active, passing request on via HTTP proxy
[35m[WD Proxy][39m Replacing sessionId c0b70813-f906-48e2-9d98-7ad76ce0448d with 9913df07-817b-487e-b138-90614163c54b
[35m[HTTP][39m [37m<-- GET /wd/hub/session/9913df07-817b-487e-b138-90614163c54b/source [39m[32m200[39m [90m916 ms - 40034[39m
[35m[HTTP][39m [90m[39m
[35m[HTTP][39m [37m-->[39m [37mGET[39m [37m/wd/hub/session/9913df07-817b-487e-b138-90614163c54b/screenshot[39m
[35m[HTTP][39m [90m{}[39m
[35m[HTTP][39m [37m<-- GET /wd/hub/session/9913df07-817b-487e-b138-90614163c54b/screenshot [39m[32m200[39m [90m296 ms - 499122[39m
[35m[HTTP][39m [90m[39m
[35m[HTTP][39m [37m-->[39m [37mGET[39m [37m/wd/hub/session/9913df07-817b-487e-b138-90614163c54b/context[39m
[35m[HTTP][39m [90m{}[39m
[35m[HTTP][39m [37m<-- GET /wd/hub/session/9913df07-817b-487e-b138-90614163c54b/context [39m[32m200[39m [90m2 ms - 22[39m
[35m[HTTP][39m [90m[39m
[35m[HTTP][39m [37m-->[39m [37mGET[39m [37m/wd/hub/session/9913df07-817b-487e-b138-90614163c54b/contexts[39m
[35m[HTTP][39m [90m{}[39m
[35m[AndroidDriver][39m Skipping the webview 'WEBVIEW_4196' at '@webview_devtools_remote_4196' since it has reported having zero pages
[35m[HTTP][39m [37m<-- GET /wd/hub/session/9913df07-817b-487e-b138-90614163c54b/contexts [39m[32m200[39m [90m299 ms - 24[39m
[35m[HTTP][39m [90m[39m
[35m[HTTP][39m [37m-->[39m [37mPOST[39m [37m/wd/hub/session/9913df07-817b-487e-b138-90614163c54b/context[39m
[35m[HTTP][39m [90m{"name":"NATIVE_APP"}[39m
[35m[HTTP][39m [37m<-- POST /wd/hub/session/9913df07-817b-487e-b138-90614163c54b/context [39m[32m200[39m [90m2 ms - 14[39m
[35m[HTTP][39m [90m[39m
[35m[HTTP][39m [37m-->[39m [37mPOST[39m [37m/wd/hub/session/9913df07-817b-487e-b138-90614163c54b/touch/perform[39m
[35m[HTTP][39m [90m{"actions":[{"action":"press","options":{"x":0,"y":0}},{"action":"wait","o[35m[HTTP][39m [37m-->[39m [37mDELETE[39m [37m/wd/hub/session/86d22e3a-0b19-4f4c-b9e5-084774b7a87e[39m
[35m[HTTP][39m [90m{}[39m
[35m[Appium][39m Removing session 86d22e3a-0b19-4f4c-b9e5-084774b7a87e from our master session list
[35m[UiAutomator2][39m Did not get confirmation UiAutomator2 deleteSession worked; Error was: UnknownError: An unknown server-side error occurred while processing the command. Original error: 'DELETE /' cannot be proxied to UiAutomator2 server because the instrumentation process is not running (probably crashed). Check the server log and/or the logcat output for more details
[35m[UiAutomator2][39m Restoring hidden api policy to the device default configuration
[35m[HTTP][39m [37m<-- DELETE /wd/hub/session/86d22e3a-0b19-4f4c-b9e5-084774b7a87e [39m[32m200[39m [90m198 ms - 14[39m
[35m[HTTP][39m [90m[39m
Id c0b70813-f906-48e2-9d98-7ad76ce0448d with 9913df07-817b-487e-b138-90614163c54b
[35m[HTTP][39m [37m<-- GET /wd/hub/session/9913df07-817b-487e-b138-90614163c54b/source [39m[32m200[39m [90m211 ms - 40034[39m
[35m[HTTP][39m [90m[39m
[35m[HTTP][39m [37m-->[39m [37mGET[39m [37m/wd/hub/session/9913df07-817b-487e-b138-90614163c54b/screenshot[39m
[35m[HTTP][39m [90m{}[39m
[35m[HTTP][39m [37m<-- GET /wd/hub/session/9913df07-817b-487e-b138-90614163c54b/screenshot [39m[32m200[39m [90m279 ms - 499796[39m
[35m[HTTP][39m [90m[39m
[35m[HTTP][39m [37m-->[39m [37mGET[39m [37m/wd/hub/session/9913df07-817b-487e-b138-90614163c54b/context[39m
[35m[HTTP][39m [90m{}[39m
[35m[HTTP][39m [37m<-- GET /wd/hub/session/9913df07-817b-487e-b138-90614163c54b/context [39m[32m200[39m [90m1 ms - 22[39m
[35m[HTTP][39m [90m[39m
[35m[HTTP][39m [37m-->[39m [37mGET[39m [37m/wd/hub/session/9913df07-817b-487e-b138-90614163c54b/contexts[39m
[35m[HTTP][39m [90m{}[39m
[35m[AndroidDriver][39m Skipping the webview 'WEBVIEW_4196' at '@webview_devtools_remote_4196' since it has reported having zero pages
[35m[HTTP][39m [37m<-- GET /wd/hub/session/9913df07-817b-487e-b138-90614163c54b/contexts [39m[32m200[39m [90m208 ms - 24[39m
[35m[HTTP][39m [90m[39m
[35m[HTTP][39m [37m-->[39m [37mPOST[39m [37m/wd/hub/session/9913df07-817b-487e-b138-90614163c54b/context[39m
[35m[HTTP][39m [90m{"name":"NATIVE_APP"}[39m
[35m[HTTP][39m [37m<-- POST /wd/hub/session/9913df07-817b-487e-b138-90614163c54b/context [39m[32m200[39m [90m1 ms - 14[39m
[35m[HTTP][39m [90m[39m
[35m[HTTP][39m [37m-->[39m [37mPOST[39m [37m/wd/hub/session/9913df07-817b-487e-b138-90614163c54b/touch/perform[39m
[35m[HTTP][39m [90m{"actions":[{"action":"press","options":{"x":0,"y":0}},{"action":"wait","options":{"ms":500}},{"action":"moveTo","options":{"x":0,"y":100}},{"action":"release","options":{}}]}[39m
[35m[HTTP][39m [37m<-- POST /wd/hub/session/9913df07-817b-487e-b138-90614163c54b/touch/perform [39m[32m200[39m [90m1102 ms - 14[39m
[35m[HTTP][39m [90m[39m
[35m[HTTP][39m [37m-->[39m [37mPOST[39m [37m/wd/hub/session/9913df07-817b-487e-b138-90614163c54b/context[39m
[35m[HTTP][39m [90m{"name":"NATIVE_APP"}[39m
[35m[HTTP][39m [37m<-- POST /wd/hub/session/9913df07-817b-487e-b138-90614163c54b/context [39m[32m200[39m [90m1 ms - 14[39m
[35m[HTTP][39m [90m[39m
[35m[HTTP][39m [37m-->[39m [37mGET[39m [37m/wd/hub/session/9913df07-817b-487e-b138-90614163c54b/source[39m
[35m[HTTP][39m [90m{}[39m
[35m[W3C (9913df07)][39m Driver proxy active, passing request on via HTTP proxy
[35m[WD Proxy][39m Replacing sessionId c0b70813-f906-48e2-9d98-7ad76ce0448d with 9913df07-817b-487e-b138-90614163c54b
[35m[HTTP][39m [37m<-- GET /wd/hub/session/9913df07-817b-487e-b138-90614163c54b/source [39m[32m200[39m [90m267 ms - 48692[39m
[35m[HTTP][39m [90m[39m
[35m[HTTP][39m [37m-->[39m [37mGET[39m [37m/wd/hub/session/9913df07-817b-487e-b138-90614163c54b/screenshot[39m
[35m[HTTP][39m [90m{}[39m
[35m[HTTP][39m [37m<-- GET /wd/hub/session/9913df07-817b-487e-b138-90614163c54b/screenshot [39m[32m200[39m [90m201 ms - 264852[39m
[35m[HTTP][39m [90m[39m
[35m[HTTP][39m [37m-->[39m [37mGET[39m [37m/wd/hub/session/9913df07-817b-487e-b138-90614163c54b/source[39m
[35m[HTTP][39m [90m{}[39m
[35m[W3C (9913df07)][39m Driver proxy active, passing request on via HTTP proxy
[35m[WD Proxy][39m Replacing sessionId c0b70813-f906-48e2-9d98-7ad76ce0448d with 9913df07-817b-487e-b138-90614163c54b
[35m[HTTP][39m [37m<-- GET /wd/hub/session/9913df07-817b-487e-b138-90614163c54b/source [39m[32m200[39m [90m190 ms - 40034[39m
[35m[HTTP][39m [90m[39m
[35m[HTTP][39m [37m-->[39m [37mGET[39m [37m/wd/hub/session/9913df07-817b-487e-b138-90614163c54b/screenshot[39m
[35m[HTTP][39m [90m{}[39m
[35m[HTTP][39m [37m<-- GET /wd/hub/session/9913df07-817b-487e-b138-90614163c54b/screenshot [39m[32m200[39m [90m243 ms - 499898[39m
[35m[HTTP][39m [90m[39m
[35m[HTTP][39m [37m-->[39m [37mGET[39m [37m/wd/hub/session/9913df07-817b-487e-b138-90614163c54b/context[39m
[35m[HTTP][39m [90m{}[39m
[35m[HTTP][39m [37m<-- GET /wd/hub/session/9913df07-817b-487e-b138-90614163c54b/context [39m[32m200[39m [90m1 ms - 22[39m
[35m[HTTP][39m [90m[39m
[35m[HTTP][39m [37m-->[39m [37mGET[39m [37m/wd/hub/session/9913df07-817b-487e-b138-90614163c54b/contexts[39m
[35m[HTTP][39m [90m{}[39m
[35m[AndroidDriver][39m Skipping the webview 'WEBVIEW_4196' at '@webview_devtools_remote_4196' since it has reported having zero pages
[35m[HTTP][39m [37m<-- GET /wd/hub/session/9913df07-817b-487e-b138-90614163c54b/contexts [39m[32m200[39m [90m216 ms - 24[39m
[35m[HTTP][39m [90m[39m
[35m[HTTP][39m [37m-->[39m [37mPOST[39m [37m/wd/hub/session/9913df07-817b-487e-b138-90614163c54b/context[39m
[35m[HTTP][39m [90m{"name":"NATIVE_APP"}[39m
[35m[HTTP][39m [37m<-- POST /wd/hub/session/9913df07-817b-487e-b138-90614163c54b/context [39m[32m200[39m [90m1 ms - 14[39m
[35m[HTTP][39m [90m[39m
[35m[HTTP][39m [37m-->[39m [37mPOST[39m [37m/wd/hub/session/9913df07-817b-487e-b138-90614163c54b/touch/perform[39m
[35m[HTTP][39m [90m{"actions":[{"action":"press","options":{"x":0,"y":400}},{"action":"wait","options":{"ms":500}},{"action":"moveTo","options":{"x":0,"y":700}},{"action":"release","options":{}}]}[39m
[35m[HTTP][39m [37m<-- POST /wd/hub/session/9913df07-817b-487e-b138-90614163c54b/touch/perform [39m[32m200[39m [90m1097 ms - 14[39m
[35m[HTTP][39m [90m[39m
[35m[HTTP][39m [37m-->[39m [37mPOST[39m [37m/wd/hub/session/9913df07-817b-487e-b138-90614163c54b/context[39m
[35m[HTTP][39m [90m{"name":"NATIVE_APP"}[39m
[35m[HTTP][39m [37m<-- POST /wd/hub/session/9913df07-817b-487e-b138-90614163c54b/context [39m[32m200[39m [90m1 ms - 14[39m
[35m[HTTP][39m [90m[39m
[35m[HTTP][39m [37m-->[39m [37mGET[39m [37m/wd/hub/session/9913df07-817b-487e-b138-90614163c54b/source[39m
[35m[HTTP][39m [90m{}[39m
[35m[W3C (9913df07)][39m Driver proxy active, passing request on via HTTP proxy
[35m[WD Proxy][39m Replacing sessionId c0b70813-f906-48e2-9d98-7ad76ce0448d with 9913df07-817b-487e-b138-90614163c54b
[35m[HTTP][39m [37m<-- GET /wd/hub/session/9913df07-817b-487e-b138-90614163c54b/source [39m[32m200[39m [90m202 ms - 40034[39m
[35m[HTTP][39m [90m[39m
[35m[HTTP][39m [37m-->[39m [37mGET[39m [37m/wd/hub/session/9913df07-817b-487e-b138-90614163c54b/screenshot[39m
[35m[HTTP][39m [90m{}[39m
[35m[HTTP][39m [37m<-- GET /wd/hub/session/9913df07-817b-487e-b138-90614163c54b/screenshot [39m[32m200[39m [90m253 ms - 499898[39m
[35m[HTTP][39m [90m[39m
[35m[HTTP][39m [37m-->[39m [37mGET[39m [37m/wd/hub/session/9913df07-817b-487e-b138-90614163c54b/context[39m
[35m[HTTP][39m [90m{}[39m
[35m[HTTP][39m [37m<-- GET /wd/hub/session/9913df07-817b-487e-b138-90614163c54b/context [39m[32m200[39m [90m2 ms - 22[39m
[35m[HTTP][39m [90m[39m
[35m[HTTP][39m [37m-->[39m [37mGET[39m [37m/wd/hub/session/9913df07-817b-487e-b138-90614163c54b/contexts[39m
[35m[HTTP][39m [90m{}[39m
[35m[AndroidDriver][39m Skipping the webview 'WEBVIEW_4196' at '@webview_devtools_remote_4196' since it has reported having zero pages
[35m[HTTP][39m [37m<-- GET /wd/hub/session/9913df07-817b-487e-b138-90614163c54b/contexts [39m[32m200[39m [90m209 ms - 24[39m
[35m[HTTP][39m [90m[39m
[35m[HTTP][39m [37m-->[39m [37mPOST[39m [37m/wd/hub/session/9913df07-817b-487e-b138-90614163c54b/context[39m
[35m[HTTP][39m [90m{"name":"NATIVE_APP"}[39m
[35m[HTTP][39m [37m<-- POST /wd/hub/session/9913df07-817b-487e-b138-90614163c54b/context [39m[32m200[39m [90m1 ms - 14[39m
[35m[HTTP][39m [90m[39m
[35m[HTTP][39m [37m-->[39m [37mPOST[39m [37m/wd/hub/session/9913df07-817b-487e-b138-90614163c54b/element[39m
[35m[HTTP][39m [90m{"using":"-android uiautomator","value":"new UiScrollable(new UiSelector().scrollable(true).instance(0)).scrollIntoView(new UiSelector().textContains(\"Things\"))"}[39m
[35m[HTTP][39m [37m<-- POST /wd/hub/session/9913df07-817b-487e-b138-90614163c54b/element [39m[32m200[39m [90m3694 ms - 137[39m
[35m[HTTP][39m [90m[39m
[35m[HTTP][39m [37m-->[39m [37mPOST[39m [37m/wd/hub/session/9913df07-817b-487e-b138-90614163c54b/context[39m
[35m[HTTP][39m [90m{"name":"NATIVE_APP"}[39m
[35m[HTTP][39m [37m<-- POST /wd/hub/session/9913df07-817b-487e-b138-90614163c54b/context [39m[32m200[39m [90m1 ms - 14[39m
[35m[HTTP][39m [90m[39m
[35m[HTTP][39m [37m-->[39m [37mGET[39m [37m/wd/hub/session/9913df07-817b-487e-b138-90614163c54b/source[39m
[35m[HTTP][39m [90m{}[39m
[35m[W3C (9913df07)][39m Driver proxy active, passing request on via HTTP proxy
[35m[WD Proxy][39m Replacing sessionId c0b70813-f906-48e2-9d98-7ad76ce0448d with 9913df07-817b-487e-b138-90614163c54b
[35m[HTTP][39m [37m<-- GET /wd/hub/session/9913df07-817b-487e-b138-90614163c54b/source [39m[32m200[39m [90m267 ms - 51676[39m
[35m[HTTP][39m [90m[39m
[35m[HTTP][39m [37m-->[39m [37mGET[39m [37m/wd/hub/session/9913df07-817b-487e-b138-90614163c54b/screenshot[39m
[35m[HTTP][39m [90m{}[39m
[35m[HTTP][39m [37m<-- GET /wd/hub/session/9913df07-817b-487e-b138-90614163c54b/screenshot [39m[32m200[39m [90m229 ms - 285268[39m
[35m[HTTP][39m [90m[39m
[35m[HTTP][39m [37m-->[39m [37mPOST[39m [37m/wd/hub/session/9913df07-817b-487e-b138-90614163c54b/elements[39m
[35m[HTTP][39m [90m{"using":"xpath","value":"//*[@class = 'android.widget.TextView' and (@text = 'Test.allTheThings() T-Shirt' or . = 'Test.allTheThings() T-Shirt')]"}[39m
[35m[HTTP][39m [37m<-- POST /wd/hub/session/9913df07-817b-487e-b138-90614163c54b/elements [39m[32m200[39m [90m558 ms - 139[39m
[35m[HTTP][39m [90m[39m
[35m[HTTP][39m [37m-->[39m [37mGET[39m [37m/wd/hub/session/9913df07-817b-487e-b138-90614163c54b/window/rect[39m
[35m[HTTP][39m [90m{}[39m
[35m[HTTP][39m [37m<-- GET /wd/hub/session/9913df07-817b-487e-b138-90614163c54b/window/rect [39m[32m200[39m [90m13 ms - 48[39m
[35m[HTTP][39m [90m[39m
[35m[HTTP][39m [37m-->[39m [37mPOST[39m [37m/wd/hub/session/9913df07-817b-487e-b138-90614163c54b/elements[39m
[35m[HTTP][39m [90m{"using":"xpath","value":"//*[@class = 'android.widget.TextView' and (@text = 'Test.allTheThings() T-Shirt' or . = 'Test.allTheThings() T-Shirt')]"}[39m
[35m[HTTP][39m [37m<-- POST /wd/hub/session/9913df07-817b-487e-b138-90614163c54b/elements [39m[32m200[39m [90m295 ms - 139[39m
[35m[HTTP][39m [90m[39m
[35m[HTTP][39m [37m-->[39m [37mGET[39m [37m/wd/hub/session/9913df07-817b-487e-b138-90614163c54b/element/00000000-0000-001b-ffff-ffff0000008e/location[39m
[35m[HTTP][39m [90m{}[39m
[35m[W3C (9913df07)][39m Driver proxy active, passing request on via HTTP proxy
[35m[WD Proxy][39m Replacing sessionId c0b70813-f906-48e2-9d98-7ad76ce0448d with 9913df07-817b-487e-b138-90614163c54b
[35m[HTTP][39m [37m<-- GET /wd/hub/session/9913df07-817b-487e-b138-90614163c54b/element/00000000-0000-001b-ffff-ffff0000008e/location [39m[32m200[39m [90m14 ms - 78[39m
[35m[HTTP][39m [90m[39m
[35m[HTTP][39m [37m-->[39m [37mPOST[39m [37m/wd/hub/session/9913df07-817b-487e-b138-90614163c54b/element/00000000-0000-001b-ffff-ffff0000008e/click[39m
[35m[HTTP][39m [90m{"id":"00000000-0000-001b-ffff-ffff0000008e"}[39m
[35m[HTTP][39m [37m<-- POST /wd/hub/session/9913df07-817b-487e-b138-90614163c54b/element/00000000-0000-001b-ffff-ffff0000008e/click [39m[32m200[39m [90m27 ms - 14[39m
[35m[HTTP][39m [90m[39m
[35m[HTTP][39m [37m-->[39m [37mGET[39m [37m/wd/hub/session/9913df07-817b-487e-b138-90614163c54b/source[39m
[35m[HTTP][39m [90m{}[39m
[35m[W3C (9913df07)][39m Driver proxy active, passing request on via HTTP proxy
[35m[WD Proxy][39m Replacing sessionId c0b70813-f906-48e2-9d98-7ad76ce0448d with 9913df07-817b-487e-b138-90614163c54b
[35m[HTTP][39m [37m<-- GET /wd/hub/session/9913df07-817b-487e-b138-90614163c54b/source [39m[32m200[39m [90m745 ms - 29772[39m
[35m[HTTP][39m [90m[39m
[35m[HTTP][39m [37m-->[39m [37mGET[39m [37m/wd/hub/session/9913df07-817b-487e-b138-90614163c54b/screenshot[39m
[35m[HTTP][39m [90m{}[39m
[35m[HTTP][39m [37m<-- GET /wd/hub/session/9913df07-817b-487e-b138-90614163c54b/screenshot [39m[32m200[39m [90m253 ms - 343008[39m
[35m[HTTP][39m [90m[39m
[35m[HTTP][39m [37m-->[39m [37mDELETE[39m [37m/wd/hub/session/9913df07-817b-487e-b138-90614163c54b[39m
[35m[HTTP][39m [90m{}[39m
[35m[Appium][39m Removing session 9913df07-817b-487e-b138-90614163c54b from our master session list
[35m[UiAutomator2][39m Restoring hidden api policy to the device default configuration
[35m[HTTP][39m [37m<-- DELETE /wd/hub/session/9913df07-817b-487e-b138-90614163c54b [39m[32m200[39m [90m326 ms - 14[39m
[35m[HTTP][39m [90m[39m
